<?xml version="1.0" encoding="UTF-8"?>
<!-- Generated by org.testng.reporters.JUnitXMLReporter -->
<testsuite ignored="0" hostname="IN-J7W0BK3" failures="0" tests="5" name="Default test" time="57.631" errors="0" timestamp="29 Jul 2022 12:24:42 GMT">
  <testcase classname="cucumber.api.testng.AbstractTestNGCucumberTests" name="feature" time="12.657"/>
  <testcase classname="cucumber.api.testng.AbstractTestNGCucumberTests" name="feature" time="12.046"/>
  <testcase classname="cucumber.api.testng.AbstractTestNGCucumberTests" name="feature" time="9.932"/>
  <testcase classname="cucumber.api.testng.AbstractTestNGCucumberTests" name="feature" time="14.83"/>
  <testcase classname="cucumber.api.testng.AbstractTestNGCucumberTests" name="feature" time="7.836"/>
</testsuite> <!-- Default test -->
